<?xml version="1.0" encoding="UTF-8"?>
<!-- Generated by org.testng.reporters.JUnitReportReporter -->
<testsuite hostname="LAPTOP-292AC5SC" failures="0" tests="1" name="Project1.Sel" time="6.969" errors="0" timestamp="2023-03-05T15:09:33 IST" skipped="0">
  <testcase classname="Project1.Sel" name="ber" time="6.969"/>
  <system-out/>
</testsuite> <!-- Project1.Sel -->
