<?xml version="1.0" encoding="UTF-8"?>
<!-- Generated by org.testng.reporters.JUnitReportReporter -->
<testsuite hostname="LAPTOP-292AC5SC" failures="0" tests="1" name="com.Project.Sel" time="4.981" errors="0" timestamp="2023-03-05T15:07:08 IST" skipped="0">
  <testcase classname="com.Project.Sel" name="ber" time="4.981"/>
  <system-out/>
</testsuite> <!-- com.Project.Sel -->
