<?xml version="1.0" encoding="UTF-8"?>
<!-- Generated by org.testng.reporters.JUnitReportReporter -->
<testsuite skipped="0" hostname="LAPTOP-292AC5SC" name="Project1.Sel" tests="1" failures="0" timestamp="2023-03-05T15:55:30 IST" time="5.288" errors="0">
  <testcase name="ber" time="5.288" classname="Project1.Sel"/>
  <system-out/>
</testsuite> <!-- Project1.Sel -->
