<?xml version="1.0" encoding="UTF-8"?>
<!-- Generated by org.testng.reporters.JUnitReportReporter -->
<testsuite hostname="LAPTOP-292AC5SC" failures="0" tests="1" name="Project1.Sel" time="4.856" errors="0" timestamp="2023-03-05T18:31:56 IST" skipped="0">
  <testcase classname="Project1.Sel" name="ber" time="4.856"/>
  <system-out/>
</testsuite> <!-- Project1.Sel -->
